# JRE version: Java(TM) SE Runtime Environment (8.0_51-b16) (build 1.8.0_51-b16)
# Java VM: Java HotSpot(TM) 64-Bit Server VM (25.51-b03 mixed mode windows-amd64 compressed oops)
Heap:
 PSYoungGen      total 105984K, used 10569K [0x00000000d6e00000, 0x00000000deb80000, 0x0000000100000000)
  eden space 103424K, 7% used [0x00000000d6e00000,0x00000000d75f88f0,0x00000000dd300000)
  from space 2560K, 94% used [0x00000000ddb80000,0x00000000dddd9e28,0x00000000dde00000)
  to   space 8704K, 0% used [0x00000000de300000,0x00000000de300000,0x00000000deb80000)
 ParOldGen       total 62976K, used 8833K [0x0000000084a00000, 0x0000000088780000, 0x00000000d6e00000)
  object space 62976K, 14% used [0x0000000084a00000,0x00000000852a0698,0x0000000088780000)
 Metaspace       used 21289K, capacity 22114K, committed 22144K, reserved 1069056K
  class space    used 2707K, capacity 2923K, committed 2944K, reserved 1048576K
GC Heap History (10 events):
Event: 23.760 GC heap before
{Heap before GC invocations=12 (full 1):
 PSYoungGen      total 110080K, used 103975K [0x00000000d6e00000, 0x00000000de680000, 0x0000000100000000)
  eden space 101888K, 100% used [0x00000000d6e00000,0x00000000dd180000,0x00000000dd180000)
  from space 8192K, 25% used [0x00000000dde80000,0x00000000de089e28,0x00000000de680000)
  to   space 10752K, 0% used [0x00000000dd180000,0x00000000dd180000,0x00000000ddc00000)
 ParOldGen       total 62976K, used 8789K [0x0000000084a00000, 0x0000000088780000, 0x00000000d6e00000)
  object space 62976K, 13% used [0x0000000084a00000,0x0000000085295608,0x0000000088780000)
 Metaspace       used 21234K, capacity 22114K, committed 22144K, reserved 1069056K
  class space    used 2705K, capacity 2923K, committed 2944K, reserved 1048576K
Event: 23.762 GC heap after
Heap after GC invocations=12 (full 1):
 PSYoungGen      total 112640K, used 2135K [0x00000000d6e00000, 0x00000000def80000, 0x0000000100000000)
  eden space 101888K, 0% used [0x00000000d6e00000,0x00000000d6e00000,0x00000000dd180000)
  from space 10752K, 19% used [0x00000000dd180000,0x00000000dd395e38,0x00000000ddc00000)
  to   space 10240K, 0% used [0x00000000de580000,0x00000000de580000,0x00000000def80000)
 ParOldGen       total 62976K, used 8797K [0x0000000084a00000, 0x0000000088780000, 0x00000000d6e00000)
  object space 62976K, 13% used [0x0000000084a00000,0x0000000085297608,0x0000000088780000)
 Metaspace       used 21234K, capacity 22114K, committed 22144K, reserved 1069056K
  class space    used 2705K, capacity 2923K, committed 2944K, reserved 1048576K
}
Event: 29.472 GC heap before
{Heap before GC invocations=13 (full 1):
 PSYoungGen      total 112640K, used 104023K [0x00000000d6e00000, 0x00000000def80000, 0x0000000100000000)
  eden space 101888K, 100% used [0x00000000d6e00000,0x00000000dd180000,0x00000000dd180000)
  from space 10752K, 19% used [0x00000000dd180000,0x00000000dd395e38,0x00000000ddc00000)
  to   space 10240K, 0% used [0x00000000de580000,0x00000000de580000,0x00000000def80000)
 ParOldGen       total 62976K, used 8800K [0x0000000084a00000, 0x0000000088780000, 0x00000000d6e00000)
  object space 62976K, 13% used [0x0000000084a00000,0x00000000852980b8,0x0000000088780000)
 Metaspace       used 21274K, capacity 22114K, committed 22144K, reserved 1069056K
  class space    used 2705K, capacity 2923K, committed 2944K, reserved 1048576K
Event: 29.475 GC heap after
Heap after GC invocations=13 (full 1):
 PSYoungGen      total 118272K, used 2215K [0x00000000d6e00000, 0x00000000ded00000, 0x0000000100000000)
  eden space 110592K, 0% used [0x00000000d6e00000,0x00000000d6e00000,0x00000000dda00000)
  from space 7680K, 28% used [0x00000000de580000,0x00000000de7a9e28,0x00000000ded00000)
  to   space 9728K, 0% used [0x00000000dda00000,0x00000000dda00000,0x00000000de380000)
 ParOldGen       total 62976K, used 8800K [0x0000000084a00000, 0x0000000088780000, 0x00000000d6e00000)
  object space 62976K, 13% used [0x0000000084a00000,0x00000000852980b8,0x0000000088780000)
 Metaspace       used 21274K, capacity 22114K, committed 22144K, reserved 1069056K
  class space    used 2705K, capacity 2923K, committed 2944K, reserved 1048576K
}
Event: 33.722 GC heap before
{Heap before GC invocations=14 (full 1):
 PSYoungGen      total 118272K, used 112807K [0x00000000d6e00000, 0x00000000ded00000, 0x0000000100000000)
  eden space 110592K, 100% used [0x00000000d6e00000,0x00000000dda00000,0x00000000dda00000)
  from space 7680K, 28% used [0x00000000de580000,0x00000000de7a9e28,0x00000000ded00000)
  to   space 9728K, 0% used [0x00000000dda00000,0x00000000dda00000,0x00000000de380000)
 ParOldGen       total 62976K, used 8800K [0x0000000084a00000, 0x0000000088780000, 0x00000000d6e00000)
  object space 62976K, 13% used [0x0000000084a00000,0x00000000852980b8,0x0000000088780000)
 Metaspace       used 21275K, capacity 22114K, committed 22144K, reserved 1069056K
  class space    used 2706K, capacity 2923K, committed 2944K, reserved 1048576K
Event: 33.724 GC heap after
Heap after GC invocations=14 (full 1):
 PSYoungGen      total 120320K, used 2327K [0x00000000d6e00000, 0x00000000df400000, 0x0000000100000000)
  eden space 110592K, 0% used [0x00000000d6e00000,0x00000000d6e00000,0x00000000dda00000)
  from space 9728K, 23% used [0x00000000dda00000,0x00000000ddc45e38,0x00000000de380000)
  to   space 9216K, 0% used [0x00000000deb00000,0x00000000deb00000,0x00000000df400000)
 ParOldGen       total 62976K, used 8800K [0x0000000084a00000, 0x0000000088780000, 0x00000000d6e00000)
  object space 62976K, 13% used [0x0000000084a00000,0x00000000852980b8,0x0000000088780000)
 Metaspace       used 21275K, capacity 22114K, committed 22144K, reserved 1069056K
  class space    used 2706K, capacity 2923K, committed 2944K, reserved 1048576K
}
Event: 37.827 GC heap before
{Heap before GC invocations=15 (full 1):
 PSYoungGen      total 120320K, used 112919K [0x00000000d6e00000, 0x00000000df400000, 0x0000000100000000)
  eden space 110592K, 100% used [0x00000000d6e00000,0x00000000dda00000,0x00000000dda00000)
  from space 9728K, 23% used [0x00000000dda00000,0x00000000ddc45e38,0x00000000de380000)
  to   space 9216K, 0% used [0x00000000deb00000,0x00000000deb00000,0x00000000df400000)
 ParOldGen       total 62976K, used 8800K [0x0000000084a00000, 0x0000000088780000, 0x00000000d6e00000)
  object space 62976K, 13% used [0x0000000084a00000,0x00000000852982b8,0x0000000088780000)
 Metaspace       used 21286K, capacity 22114K, committed 22144K, reserved 1069056K
  class space    used 2706K, capacity 2923K, committed 2944K, reserved 1048576K
Event: 37.828 GC heap after
Heap after GC invocations=15 (full 1):
 PSYoungGen      total 109568K, used 2391K [0x00000000d6e00000, 0x00000000ded80000, 0x0000000100000000)
  eden space 107008K, 0% used [0x00000000d6e00000,0x00000000d6e00000,0x00000000dd680000)
  from space 2560K, 93% used [0x00000000deb00000,0x00000000ded55e38,0x00000000ded80000)
  to   space 9216K, 0% used [0x00000000ddb80000,0x00000000ddb80000,0x00000000de480000)
 ParOldGen       total 62976K, used 8800K [0x0000000084a00000, 0x0000000088780000, 0x00000000d6e00000)
  object space 62976K, 13% used [0x0000000084a00000,0x00000000852982b8,0x0000000088780000)
 Metaspace       used 21286K, capacity 22114K, committed 22144K, reserved 1069056K
  class space    used 2706K, capacity 2923K, committed 2944K, reserved 1048576K
}
Event: 76.486 GC heap before
{Heap before GC invocations=16 (full 1):
 PSYoungGen      total 109568K, used 109399K [0x00000000d6e00000, 0x00000000ded80000, 0x0000000100000000)
  eden space 107008K, 100% used [0x00000000d6e00000,0x00000000dd680000,0x00000000dd680000)
  from space 2560K, 93% used [0x00000000deb00000,0x00000000ded55e38,0x00000000ded80000)
  to   space 9216K, 0% used [0x00000000ddb80000,0x00000000ddb80000,0x00000000de480000)
 ParOldGen       total 62976K, used 8833K [0x0000000084a00000, 0x0000000088780000, 0x00000000d6e00000)
  object space 62976K, 14% used [0x0000000084a00000,0x00000000852a0698,0x0000000088780000)
 Metaspace       used 21289K, capacity 22114K, committed 22144K, reserved 1069056K
  class space    used 2707K, capacity 2923K, committed 2944K, reserved 1048576K
Event: 76.491 GC heap after
Heap after GC invocations=16 (full 1):
 PSYoungGen      total 105984K, used 2407K [0x00000000d6e00000, 0x00000000deb80000, 0x0000000100000000)
  eden space 103424K, 0% used [0x00000000d6e00000,0x00000000d6e00000,0x00000000dd300000)
  from space 2560K, 94% used [0x00000000ddb80000,0x00000000dddd9e28,0x00000000dde00000)
  to   space 8704K, 0% used [0x00000000de300000,0x00000000de300000,0x00000000deb80000)
 ParOldGen       total 62976K, used 8833K [0x0000000084a00000, 0x0000000088780000, 0x00000000d6e00000)
  object space 62976K, 14% used [0x0000000084a00000,0x00000000852a0698,0x0000000088780000)
 Metaspace       used 21289K, capacity 22114K, committed 22144K, reserved 1069056K
  class space    used 2707K, capacity 2923K, committed 2944K, reserved 1048576K
}

